{"C:\\projects\\la-vie-ts\\src\\index.ts": {"path":"C:\\projects\\la-vie-ts\\src\\index.ts","statementMap":{"0":{"start":{"line":4,"column":12},"end":{"line":4,"column":21}},"1":{"start":{"line":5,"column":15},"end":{"line":5,"column":34}},"2":{"start":{"line":7,"column":0},"end":{"line":7,"column":24}},"3":{"start":{"line":8,"column":0},"end":{"line":8,"column":16}},"4":{"start":{"line":9,"column":0},"end":{"line":9,"column":26}}},"fnMap":{},"branchMap":{},"s":{"0":1,"1":1,"2":1,"3":1,"4":1},"f":{},"b":{},"_coverageSchema":"1a1c01bbd47fc00a2c39e90264f33305004495a9","hash":"b53349d8fa10f526bfdd199375717ecd2aa0321c"}
,"C:\\projects\\la-vie-ts\\src\\domain\\psicologo\\controllers\\psicologo.controller.ts": {"path":"C:\\projects\\la-vie-ts\\src\\domain\\psicologo\\controllers\\psicologo.controller.ts","statementMap":{"0":{"start":{"line":6,"column":35},"end":{"line":91,"column":1}},"1":{"start":{"line":8,"column":4},"end":{"line":15,"column":5}},"2":{"start":{"line":9,"column":27},"end":{"line":9,"column":71}},"3":{"start":{"line":11,"column":6},"end":{"line":11,"column":48}},"4":{"start":{"line":13,"column":6},"end":{"line":13,"column":24}},"5":{"start":{"line":14,"column":6},"end":{"line":14,"column":76}},"6":{"start":{"line":19,"column":4},"end":{"line":40,"column":5}},"7":{"start":{"line":20,"column":21},"end":{"line":20,"column":31}},"8":{"start":{"line":21,"column":24},"end":{"line":21,"column":32}},"9":{"start":{"line":22,"column":28},"end":{"line":22,"column":30}},"10":{"start":{"line":24,"column":6},"end":{"line":24,"column":45}},"11":{"start":{"line":26,"column":6},"end":{"line":29,"column":7}},"12":{"start":{"line":27,"column":25},"end":{"line":27,"column":51}},"13":{"start":{"line":28,"column":8},"end":{"line":28,"column":58}},"14":{"start":{"line":31,"column":6},"end":{"line":33,"column":9}},"15":{"start":{"line":35,"column":24},"end":{"line":35,"column":53}},"16":{"start":{"line":37,"column":6},"end":{"line":37,"column":45}},"17":{"start":{"line":39,"column":6},"end":{"line":39,"column":76}},"18":{"start":{"line":43,"column":4},"end":{"line":68,"column":5}},"19":{"start":{"line":44,"column":21},"end":{"line":44,"column":31}},"20":{"start":{"line":59,"column":6},"end":{"line":63,"column":9}},"21":{"start":{"line":65,"column":6},"end":{"line":65,"column":33}},"22":{"start":{"line":67,"column":6},"end":{"line":67,"column":76}},"23":{"start":{"line":71,"column":4},"end":{"line":78,"column":5}},"24":{"start":{"line":72,"column":25},"end":{"line":72,"column":51}},"25":{"start":{"line":74,"column":6},"end":{"line":74,"column":34}},"26":{"start":{"line":76,"column":6},"end":{"line":76,"column":25}},"27":{"start":{"line":77,"column":6},"end":{"line":77,"column":76}},"28":{"start":{"line":82,"column":4},"end":{"line":89,"column":5}},"29":{"start":{"line":83,"column":21},"end":{"line":83,"column":31}},"30":{"start":{"line":84,"column":24},"end":{"line":84,"column":53}},"31":{"start":{"line":86,"column":6},"end":{"line":86,"column":33}},"32":{"start":{"line":88,"column":6},"end":{"line":88,"column":76}}},"fnMap":{"0":{"name":"(anonymous_0)","decl":{"start":{"line":7,"column":2},"end":{"line":7,"column":3}},"loc":{"start":{"line":7,"column":44},"end":{"line":16,"column":3}},"line":7},"1":{"name":"(anonymous_1)","decl":{"start":{"line":18,"column":2},"end":{"line":18,"column":3}},"loc":{"start":{"line":18,"column":44},"end":{"line":41,"column":3}},"line":18},"2":{"name":"(anonymous_2)","decl":{"start":{"line":42,"column":2},"end":{"line":42,"column":3}},"loc":{"start":{"line":42,"column":44},"end":{"line":69,"column":3}},"line":42},"3":{"name":"(anonymous_3)","decl":{"start":{"line":70,"column":2},"end":{"line":70,"column":3}},"loc":{"start":{"line":70,"column":44},"end":{"line":79,"column":3}},"line":70},"4":{"name":"(anonymous_4)","decl":{"start":{"line":81,"column":2},"end":{"line":81,"column":3}},"loc":{"start":{"line":81,"column":44},"end":{"line":90,"column":3}},"line":81}},"branchMap":{"0":{"loc":{"start":{"line":26,"column":6},"end":{"line":29,"column":7}},"type":"if","locations":[{"start":{"line":26,"column":6},"end":{"line":29,"column":7}},{"start":{},"end":{}}],"line":26}},"s":{"0":1,"1":1,"2":1,"3":1,"4":0,"5":0,"6":0,"7":0,"8":0,"9":0,"10":0,"11":0,"12":0,"13":0,"14":0,"15":0,"16":0,"17":0,"18":0,"19":0,"20":0,"21":0,"22":0,"23":0,"24":0,"25":0,"26":0,"27":0,"28":0,"29":0,"30":0,"31":0,"32":0},"f":{"0":1,"1":0,"2":0,"3":0,"4":0},"b":{"0":[0,0]},"_coverageSchema":"1a1c01bbd47fc00a2c39e90264f33305004495a9","hash":"a09e7ef7d27cae75a0a8642b65328c0fc544cfc2"}
,"C:\\projects\\la-vie-ts\\src\\domain\\psicologo\\models\\psicologos.ts": {"path":"C:\\projects\\la-vie-ts\\src\\domain\\psicologo\\models\\psicologos.ts","statementMap":{"0":{"start":{"line":1,"column":11},"end":{"line":1,"column":54}},"1":{"start":{"line":2,"column":22},"end":{"line":2,"column":42}},"2":{"start":{"line":4,"column":26},"end":{"line":37,"column":1}}},"fnMap":{},"branchMap":{},"s":{"0":1,"1":1,"2":1},"f":{},"b":{},"_coverageSchema":"1a1c01bbd47fc00a2c39e90264f33305004495a9","hash":"a51e9390736f00df286a1a44b7d70350b6641a47"}
,"C:\\projects\\la-vie-ts\\src\\domain\\psicologo\\services\\PsicologoService.ts": {"path":"C:\\projects\\la-vie-ts\\src\\domain\\psicologo\\services\\PsicologoService.ts","statementMap":{"0":{"start":{"line":8,"column":31},"end":{"line":8,"column":35}},"1":{"start":{"line":10,"column":25},"end":{"line":10,"column":51}},"2":{"start":{"line":12,"column":29},"end":{"line":16,"column":10}},"3":{"start":{"line":17,"column":8},"end":{"line":17,"column":27}},"4":{"start":{"line":21,"column":28},"end":{"line":21,"column":59}},"5":{"start":{"line":22,"column":8},"end":{"line":22,"column":34}}},"fnMap":{"0":{"name":"(anonymous_0)","decl":{"start":{"line":7,"column":4},"end":{"line":7,"column":5}},"loc":{"start":{"line":7,"column":39},"end":{"line":18,"column":5}},"line":7},"1":{"name":"(anonymous_1)","decl":{"start":{"line":20,"column":4},"end":{"line":20,"column":5}},"loc":{"start":{"line":20,"column":32},"end":{"line":23,"column":5}},"line":20}},"branchMap":{},"s":{"0":1,"1":1,"2":1,"3":0,"4":1,"5":0},"f":{"0":1,"1":1},"b":{},"_coverageSchema":"1a1c01bbd47fc00a2c39e90264f33305004495a9","hash":"4f71fe081778fe9ed3c631e13daa0e0d1bbde4d9"}
,"C:\\projects\\la-vie-ts\\src\\domain\\psicologo\\services\\index.ts": {"path":"C:\\projects\\la-vie-ts\\src\\domain\\psicologo\\services\\index.ts","statementMap":{"0":{"start":{"line":3,"column":32},"end":{"line":3,"column":52}}},"fnMap":{},"branchMap":{},"s":{"0":1},"f":{},"b":{},"_coverageSchema":"1a1c01bbd47fc00a2c39e90264f33305004495a9","hash":"a46f1332401aa55f9f12465f16abd3fcd45137a5"}
,"C:\\projects\\la-vie-ts\\src\\domain\\psicologo\\validations\\index.ts": {"path":"C:\\projects\\la-vie-ts\\src\\domain\\psicologo\\validations\\index.ts","statementMap":{"0":{"start":{"line":6,"column":35},"end":{"line":11,"column":1}}},"fnMap":{},"branchMap":{},"s":{"0":1},"f":{},"b":{},"_coverageSchema":"1a1c01bbd47fc00a2c39e90264f33305004495a9","hash":"63d8a0ce17fc0a3d55eafdb573554abf0e628c15"}
,"C:\\projects\\la-vie-ts\\src\\domain\\psicologo\\validations\\psicologos\\create.ts": {"path":"C:\\projects\\la-vie-ts\\src\\domain\\psicologo\\validations\\psicologos\\create.ts","statementMap":{"0":{"start":{"line":3,"column":22},"end":{"line":11,"column":2}}},"fnMap":{},"branchMap":{},"s":{"0":1},"f":{},"b":{},"_coverageSchema":"1a1c01bbd47fc00a2c39e90264f33305004495a9","hash":"e40ff0d6ba335ec77107f6feaa446f478cc1f470"}
,"C:\\projects\\la-vie-ts\\src\\domain\\psicologo\\validations\\psicologos\\destroy.ts": {"path":"C:\\projects\\la-vie-ts\\src\\domain\\psicologo\\validations\\psicologos\\destroy.ts","statementMap":{"0":{"start":{"line":3,"column":23},"end":{"line":7,"column":2}}},"fnMap":{},"branchMap":{},"s":{"0":1},"f":{},"b":{},"_coverageSchema":"1a1c01bbd47fc00a2c39e90264f33305004495a9","hash":"839cbfa46d3199df70d47fa4c7c74461730cd043"}
,"C:\\projects\\la-vie-ts\\src\\domain\\psicologo\\validations\\psicologos\\getOne.ts": {"path":"C:\\projects\\la-vie-ts\\src\\domain\\psicologo\\validations\\psicologos\\getOne.ts","statementMap":{"0":{"start":{"line":3,"column":22},"end":{"line":7,"column":2}}},"fnMap":{},"branchMap":{},"s":{"0":1},"f":{},"b":{},"_coverageSchema":"1a1c01bbd47fc00a2c39e90264f33305004495a9","hash":"dfa47673a46eed7f86f74af4d557205b97902861"}
,"C:\\projects\\la-vie-ts\\src\\domain\\psicologo\\validations\\psicologos\\update.ts": {"path":"C:\\projects\\la-vie-ts\\src\\domain\\psicologo\\validations\\psicologos\\update.ts","statementMap":{"0":{"start":{"line":3,"column":22},"end":{"line":13,"column":2}}},"fnMap":{},"branchMap":{},"s":{"0":1},"f":{},"b":{},"_coverageSchema":"1a1c01bbd47fc00a2c39e90264f33305004495a9","hash":"d87d257b39096418757aa76d3bddfc1bd5ee8127"}
,"C:\\projects\\la-vie-ts\\src\\infrastructure\\database\\index.ts": {"path":"C:\\projects\\la-vie-ts\\src\\infrastructure\\database\\index.ts","statementMap":{"0":{"start":{"line":1,"column":18},"end":{"line":1,"column":38}},"1":{"start":{"line":3,"column":16},"end":{"line":3,"column":24}},"2":{"start":{"line":4,"column":16},"end":{"line":4,"column":22}},"3":{"start":{"line":5,"column":16},"end":{"line":5,"column":23}},"4":{"start":{"line":6,"column":18},"end":{"line":10,"column":1}},"5":{"start":{"line":14,"column":14},"end":{"line":14,"column":16}},"6":{"start":{"line":16,"column":0},"end":{"line":20,"column":1}},"7":{"start":{"line":17,"column":2},"end":{"line":17,"column":59}},"8":{"start":{"line":19,"column":2},"end":{"line":19,"column":62}},"9":{"start":{"line":23,"column":2},"end":{"line":28,"column":3}},"10":{"start":{"line":24,"column":4},"end":{"line":24,"column":28}},"11":{"start":{"line":25,"column":4},"end":{"line":25,"column":42}},"12":{"start":{"line":27,"column":4},"end":{"line":27,"column":66}},"13":{"start":{"line":31,"column":0},"end":{"line":33,"column":3}},"14":{"start":{"line":35,"column":0},"end":{"line":35,"column":20}}},"fnMap":{"0":{"name":"hasConection","decl":{"start":{"line":22,"column":15},"end":{"line":22,"column":27}},"loc":{"start":{"line":22,"column":30},"end":{"line":29,"column":1}},"line":22}},"branchMap":{},"s":{"0":1,"1":1,"2":1,"3":1,"4":1,"5":1,"6":1,"7":1,"8":0,"9":0,"10":0,"11":0,"12":0,"13":1,"14":1},"f":{"0":0},"b":{},"_coverageSchema":"1a1c01bbd47fc00a2c39e90264f33305004495a9","hash":"af41f1ba1ed75ec6689d6490af0fd4842f2d7cca"}
,"C:\\projects\\la-vie-ts\\src\\infrastructure\\viaCep\\ViaCep.ts": {"path":"C:\\projects\\la-vie-ts\\src\\infrastructure\\viaCep\\ViaCep.ts","statementMap":{"0":{"start":{"line":5,"column":23},"end":{"line":5,"column":47}},"1":{"start":{"line":9,"column":8},"end":{"line":11,"column":10}},"2":{"start":{"line":16,"column":23},"end":{"line":16,"column":66}},"3":{"start":{"line":17,"column":8},"end":{"line":17,"column":28}}},"fnMap":{"0":{"name":"(anonymous_0)","decl":{"start":{"line":8,"column":4},"end":{"line":8,"column":5}},"loc":{"start":{"line":8,"column":17},"end":{"line":12,"column":5}},"line":8},"1":{"name":"(anonymous_1)","decl":{"start":{"line":14,"column":4},"end":{"line":14,"column":5}},"loc":{"start":{"line":14,"column":40},"end":{"line":18,"column":5}},"line":14}},"branchMap":{},"s":{"0":2,"1":2,"2":2,"3":1},"f":{"0":2,"1":2},"b":{},"_coverageSchema":"1a1c01bbd47fc00a2c39e90264f33305004495a9","hash":"fd7e89014f5c68b7a4ad6837c9261d3e55368ec9"}
,"C:\\projects\\la-vie-ts\\src\\infrastructure\\viaCep\\index.ts": {"path":"C:\\projects\\la-vie-ts\\src\\infrastructure\\viaCep\\index.ts","statementMap":{"0":{"start":{"line":3,"column":25},"end":{"line":3,"column":37}}},"fnMap":{},"branchMap":{},"s":{"0":1},"f":{},"b":{},"_coverageSchema":"1a1c01bbd47fc00a2c39e90264f33305004495a9","hash":"357cfa73c997433de3b4fe479ed6b6e1145a46d6"}
,"C:\\projects\\la-vie-ts\\src\\middlewares\\handleMiddleware.ts": {"path":"C:\\projects\\la-vie-ts\\src\\middlewares\\handleMiddleware.ts","statementMap":{"0":{"start":{"line":5,"column":2},"end":{"line":7,"column":3}},"1":{"start":{"line":6,"column":4},"end":{"line":6,"column":48}},"2":{"start":{"line":9,"column":2},"end":{"line":9,"column":35}}},"fnMap":{"0":{"name":"(anonymous_0)","decl":{"start":{"line":4,"column":15},"end":{"line":4,"column":16}},"loc":{"start":{"line":4,"column":86},"end":{"line":10,"column":1}},"line":4}},"branchMap":{"0":{"loc":{"start":{"line":5,"column":2},"end":{"line":7,"column":3}},"type":"if","locations":[{"start":{"line":5,"column":2},"end":{"line":7,"column":3}},{"start":{},"end":{}}],"line":5}},"s":{"0":0,"1":0,"2":0},"f":{"0":0},"b":{"0":[0,0]},"_coverageSchema":"1a1c01bbd47fc00a2c39e90264f33305004495a9","hash":"a2f45e7f4c5f94cbf92dce6ee37feb8e7643ccff"}
,"C:\\projects\\la-vie-ts\\src\\routes\\index.ts": {"path":"C:\\projects\\la-vie-ts\\src\\routes\\index.ts","statementMap":{"0":{"start":{"line":1,"column":16},"end":{"line":1,"column":34}},"1":{"start":{"line":2,"column":15},"end":{"line":2,"column":31}},"2":{"start":{"line":7,"column":0},"end":{"line":10,"column":2}},"3":{"start":{"line":11,"column":0},"end":{"line":15,"column":2}},"4":{"start":{"line":16,"column":0},"end":{"line":20,"column":2}},"5":{"start":{"line":21,"column":0},"end":{"line":25,"column":2}},"6":{"start":{"line":26,"column":0},"end":{"line":30,"column":2}},"7":{"start":{"line":33,"column":0},"end":{"line":33,"column":24}}},"fnMap":{},"branchMap":{},"s":{"0":1,"1":1,"2":1,"3":1,"4":1,"5":1,"6":1,"7":1},"f":{},"b":{},"_coverageSchema":"1a1c01bbd47fc00a2c39e90264f33305004495a9","hash":"7c47af967ca58d6dc49fc98ebed79788d6010858"}
}
