TN:
SF:src\index.ts
FNF:0
FNH:0
DA:4,1
DA:5,1
DA:7,1
DA:8,1
DA:9,1
LF:5
LH:5
BRF:0
BRH:0
end_of_record
TN:
SF:src\domain\psicologo\controllers\psicologo.controller.ts
FN:7,(anonymous_0)
FN:18,(anonymous_1)
FN:42,(anonymous_2)
FN:70,(anonymous_3)
FN:81,(anonymous_4)
FNF:5
FNH:1
FNDA:1,(anonymous_0)
FNDA:0,(anonymous_1)
FNDA:0,(anonymous_2)
FNDA:0,(anonymous_3)
FNDA:0,(anonymous_4)
DA:6,1
DA:8,1
DA:9,1
DA:11,1
DA:13,0
DA:14,0
DA:19,0
DA:20,0
DA:21,0
DA:22,0
DA:24,0
DA:26,0
DA:27,0
DA:28,0
DA:31,0
DA:35,0
DA:37,0
DA:39,0
DA:43,0
DA:44,0
DA:59,0
DA:65,0
DA:67,0
DA:71,0
DA:72,0
DA:74,0
DA:76,0
DA:77,0
DA:82,0
DA:83,0
DA:84,0
DA:86,0
DA:88,0
LF:33
LH:4
BRDA:26,0,0,0
BRDA:26,0,1,0
BRF:2
BRH:0
end_of_record
TN:
SF:src\domain\psicologo\models\psicologos.ts
FNF:0
FNH:0
DA:1,1
DA:2,1
DA:4,1
LF:3
LH:3
BRF:0
BRH:0
end_of_record
TN:
SF:src\domain\psicologo\services\PsicologoService.ts
FN:7,(anonymous_0)
FN:20,(anonymous_1)
FNF:2
FNH:2
FNDA:1,(anonymous_0)
FNDA:1,(anonymous_1)
DA:8,1
DA:10,1
DA:12,1
DA:17,0
DA:21,1
DA:22,0
LF:6
LH:4
BRF:0
BRH:0
end_of_record
TN:
SF:src\domain\psicologo\services\index.ts
FNF:0
FNH:0
DA:3,1
LF:1
LH:1
BRF:0
BRH:0
end_of_record
TN:
SF:src\domain\psicologo\validations\index.ts
FNF:0
FNH:0
DA:6,1
LF:1
LH:1
BRF:0
BRH:0
end_of_record
TN:
SF:src\domain\psicologo\validations\psicologos\create.ts
FNF:0
FNH:0
DA:3,1
LF:1
LH:1
BRF:0
BRH:0
end_of_record
TN:
SF:src\domain\psicologo\validations\psicologos\destroy.ts
FNF:0
FNH:0
DA:3,1
LF:1
LH:1
BRF:0
BRH:0
end_of_record
TN:
SF:src\domain\psicologo\validations\psicologos\getOne.ts
FNF:0
FNH:0
DA:3,1
LF:1
LH:1
BRF:0
BRH:0
end_of_record
TN:
SF:src\domain\psicologo\validations\psicologos\update.ts
FNF:0
FNH:0
DA:3,1
LF:1
LH:1
BRF:0
BRH:0
end_of_record
TN:
SF:src\infrastructure\database\index.ts
FN:22,hasConection
FNF:1
FNH:0
FNDA:0,hasConection
DA:1,1
DA:3,1
DA:4,1
DA:5,1
DA:6,1
DA:14,1
DA:16,1
DA:17,1
DA:19,0
DA:23,0
DA:24,0
DA:25,0
DA:27,0
DA:31,1
DA:35,1
LF:15
LH:10
BRF:0
BRH:0
end_of_record
TN:
SF:src\infrastructure\viaCep\ViaCep.ts
FN:8,(anonymous_0)
FN:14,(anonymous_1)
FNF:2
FNH:2
FNDA:2,(anonymous_0)
FNDA:2,(anonymous_1)
DA:5,2
DA:9,2
DA:16,2
DA:17,1
LF:4
LH:4
BRF:0
BRH:0
end_of_record
TN:
SF:src\infrastructure\viaCep\index.ts
FNF:0
FNH:0
DA:3,1
LF:1
LH:1
BRF:0
BRH:0
end_of_record
TN:
SF:src\middlewares\handleMiddleware.ts
FN:4,(anonymous_0)
FNF:1
FNH:0
FNDA:0,(anonymous_0)
DA:5,0
DA:6,0
DA:9,0
LF:3
LH:0
BRDA:5,0,0,0
BRDA:5,0,1,0
BRF:2
BRH:0
end_of_record
TN:
SF:src\routes\index.ts
FNF:0
FNH:0
DA:1,1
DA:2,1
DA:7,1
DA:11,1
DA:16,1
DA:21,1
DA:26,1
DA:33,1
LF:8
LH:8
BRF:0
BRH:0
end_of_record
